ASTRAL for PaRalogs and Orthologs III (ASTRAL-Pro3)
*** NOW with integrated CASTLES-Pro ***
Version: v1.23.3.6
Read 512 genetrees and found 83 species.
Read 1024 genetrees and found 84 species.
Read 1536 genetrees and found 84 species.
Read 2048 genetrees and found 84 species.
Read 2560 genetrees and found 84 species.
Read 3072 genetrees and found 84 species.
Read 3584 genetrees and found 84 species.
Read 4096 genetrees and found 84 species.
Read 4608 genetrees and found 84 species.
Read 5120 genetrees and found 84 species.
#Genetrees: 5332
#Duploss: 0
#Species: 84
#Rounds: 4
#Samples: 4
#Threads: 20
#NNI moves:12/137
(((((((((((((((((((((DE162,DE528),DE507),(DE704-white,DE704-purple)),(DE623,DE680)),((DE765,DE681),DE575)),((((DE127,DE554),DE666),DE563),(JJ86,DE115))),(DE546,DE126)),DE668),((JJ23,DE229),(DE152,JJ99))),DE566),JJ74),(((((((SRR5150740,SRR104381),DRR234970),((SRR11748982,SRR11934227),DRR082665)),),JJ131),((JJ15,DE216),(DE534,DE542))),DE536)),DRR082660),(((DE741,DE519),DE560),JJ125)),((((((((((SRR3407087,DE510),DE505),DE503),SRR3407092),SRR3407094),SRR3407093),(((DE561,SRR3424066),SRR3407088),(DE181,SRR3407086))),(SRR3407096,DE523)),(DE69,SRR3407095)),JJ85)),(DE476,DE541)),((((((((DE151,DE173),DE189),JJ109),JJ130),DE88),JJ89),(((DE509,DE736),DE764),(DE549,DE504))),((((DE671,DE643),DE164),DE672),DE737))),DE550),DE531),(DE696-dots,DE696-nodots)),JJ36);
#NNI moves:10/137
((((((((((((((((((((DE151,DE173),DE189),JJ109),JJ130),DE88),JJ89),(((DE509,DE736),DE764),(DE504,DE549))),((((DE671,DE643),DE164),DE672),DE737)),((((DE696-dots,DE696-nodots),JJ36),DE531),DE550)),(DE541,DE476)),((((((((((SRR3407087,DE510),DE505),DE503),SRR3407092),SRR3407094),SRR3407093),(((SRR3424066,DE561),SRR3407088),(SRR3407086,DE181))),(DE523,SRR3407096)),(DE69,SRR3407095)),JJ85)),(((DE741,DE519),DE560),JJ125)),DRR082660),(((((((SRR11748982,SRR11934227),DRR082665),((SRR5150740,SRR104381),DRR234970)),),JJ131),((JJ15,DE216),(DE542,DE534))),DE536)),JJ74),DE566),((((((((DE162,DE528),DE507),(DE704-purple,DE704-white)),(DE623,DE680)),((DE765,DE681),DE575)),(((DE127,DE554),DE666),DE563)),(((JJ86,DE115),DE126),DE546)),DE668)),(DE229,JJ23)),DE152),JJ99);
#NNI moves:6/137
((((((((((((((((((((((((((DE173,DE151),DE189),JJ109),JJ130),DE88),JJ89),(((DE736,DE509),DE764),(DE549,DE504))),((((DE671,DE643),DE164),DE672),DE737)),((((DE696-nodots,DE696-dots),JJ36),DE531),DE550)),(DE476,DE541)),((((((((((SRR3407087,DE510),DE505),DE503),SRR3407092),SRR3407094),SRR3407093),(((DE561,SRR3424066),SRR3407088),(DE181,SRR3407086))),(SRR3407096,DE523)),(DE69,SRR3407095)),JJ85)),(((DE741,DE519),DE560),JJ125)),DRR082660),(((((((SRR11934227,SRR11748982),DRR082665),((SRR104381,SRR5150740),DRR234970)),),JJ131),((DE216,JJ15),(DE534,DE542))),DE536)),JJ74),DE566),((JJ23,DE229),(DE152,JJ99))),DE546),DE668),DE126),((((DE127,DE554),DE666),DE563),(DE115,JJ86))),((DE681,DE765),DE575)),(DE680,DE623)),(DE704-purple,DE704-white)),(DE528,DE162)),DE507);
#NNI moves:0/137
((((((((((((((((((((((((((DE151,DE173),DE189),JJ109),JJ130),DE88),JJ89),(((DE736,DE509),DE764),(DE549,DE504))),((((DE671,DE643),DE164),DE672),DE737)),((((DE696-dots,DE696-nodots),JJ36),DE531),DE550)),(DE541,DE476)),((((((((((SRR3407087,DE510),DE505),DE503),SRR3407092),SRR3407094),SRR3407093),(((SRR3424066,DE561),SRR3407088),(DE181,SRR3407086))),(SRR3407096,DE523)),(DE69,SRR3407095)),JJ85)),(((DE519,DE741),DE560),JJ125)),DRR082660),(((((((SRR104381,SRR5150740),DRR234970),((SRR11748982,SRR11934227),DRR082665)),),JJ131),((DE216,JJ15),(DE534,DE542))),DE536)),JJ74),DE566),((DE152,JJ99),(JJ23,DE229))),DE668),(((DE115,JJ86),DE126),DE546)),(((DE554,DE127),DE666),DE563)),((DE765,DE681),DE575)),(DE680,DE623)),(DE704-purple,DE704-white)),DE507),DE162),DE528);
Initial score: 3.12388e+09
Initial tree: ((SRR11934227,(DRR082665,(((SRR104381,SRR5150740),DRR234970),(,(JJ131,(((DE216,JJ15),(DE534,DE542)),(DE536,((((((((((((((DE151,DE173),DE189),JJ109),JJ130),DE88),JJ89),(((DE736,DE509),DE764),(DE549,DE504))),((((DE671,DE643),DE164),DE672),DE737)),((((DE696-dots,DE696-nodots),JJ36),DE531),DE550)),(DE541,DE476)),((((((((((SRR3407087,DE510),DE505),DE503),SRR3407092),SRR3407094),SRR3407093),(((SRR3424066,DE561),SRR3407088),(DE181,SRR3407086))),(SRR3407096,DE523)),(DE69,SRR3407095)),JJ85)),(((DE519,DE741),DE560),JJ125)),DRR082660),(JJ74,(DE566,(((DE152,JJ99),(JJ23,DE229)),(DE668,((((DE115,JJ86),DE126),DE546),((((DE554,DE127),DE666),DE563),(((DE765,DE681),DE575),((DE680,DE623),((DE704-purple,DE704-white),(DE507,(DE162,DE528))))))))))))))))))),SRR11748982);
*** Subsample Process ***
#NNI moves:8/137
((((((((((((((((((((((DE151,DE173),DE189),JJ109),JJ130),DE88),JJ89),(((DE509,DE736),DE764),(DE549,DE504))),((((DE643,DE671),DE164),DE672),DE737)),((((DE696-dots,DE696-nodots),JJ36),DE531),DE550)),(DE541,DE476)),((((((((((SRR3407087,DE510),DE505),DE503),SRR3407092),SRR3407094),SRR3407093),(((SRR3424066,DE561),SRR3407088),(DE181,SRR3407086))),(DE523,SRR3407096)),(DE69,SRR3407095)),JJ85)),(((DE519,DE741),DE560),JJ125)),DRR082660),(((((((((((DE528,DE162),DE507),(DE704-purple,DE704-white)),(DE623,DE680)),((DE681,DE765),DE575)),(((DE127,DE554),DE666),DE563)),(((JJ86,DE115),DE126),DE546)),DE668),((DE229,JJ23),(DE152,JJ99))),DE566),JJ74)),DE536),((DE542,DE534),(JJ15,DE216))),JJ131),((SRR5150740,SRR104381),DRR234970)),DRR082665),SRR11934227),),SRR11748982);
#NNI moves:6/137
((((((((((((((((((((((DE162,DE528),DE507),(DE704-purple,DE704-white)),(DE680,DE623)),((DE765,DE681),DE575)),(((DE554,DE127),DE666),DE563)),(((JJ86,DE115),DE126),DE546)),DE668),((JJ23,DE229),(JJ99,DE152))),DE566),JJ74),(((((((SRR11934227,SRR11748982),DRR082665),((SRR5150740,SRR104381),DRR234970)),),JJ131),((DE216,JJ15),(DE542,DE534))),DE536)),DRR082660),(((DE519,DE741),DE560),JJ125)),((((((((((SRR3407087,DE510),DE505),DE503),SRR3407092),SRR3407094),SRR3407093),(((DE561,SRR3424066),SRR3407088),(DE181,SRR3407086))),(DE523,SRR3407096)),(SRR3407095,DE69)),JJ85)),(DE476,DE541)),((((DE696-dots,DE696-nodots),JJ36),DE531),DE550)),((((DE643,DE671),DE164),DE672),DE737)),((((((DE173,DE151),DE189),JJ109),JJ130),DE88),JJ89)),((DE736,DE509),DE764)),DE549),DE504);
#NNI moves:0/137
(((((((((((((((((((((DE173,DE151),DE189),JJ109),JJ130),DE88),JJ89),(((DE736,DE509),DE764),(DE504,DE549))),((((DE643,DE671),DE164),DE672),DE737)),((((DE696-dots,DE696-nodots),JJ36),DE531),DE550)),(DE476,DE541)),((((((((((SRR3407087,DE510),DE505),DE503),SRR3407092),SRR3407094),SRR3407093),(((SRR3424066,DE561),SRR3407088),(DE181,SRR3407086))),(DE523,SRR3407096)),(SRR3407095,DE69)),JJ85)),(((DE741,DE519),DE560),JJ125)),DRR082660),(((((((((((DE162,DE528),DE507),(DE704-purple,DE704-white)),(DE680,DE623)),((DE765,DE681),DE575)),(((DE554,DE127),DE666),DE563)),(((JJ86,DE115),DE126),DE546)),DE668),((DE229,JJ23),(DE152,JJ99))),DE566),JJ74)),DE536),((DE534,DE542),(DE216,JJ15))),JJ131),((SRR11934227,SRR11748982),DRR082665)),),(SRR104381,SRR5150740)),DRR234970);
#NNI moves:6/137
((((((((((((((((((((((DE173,DE151),DE189),JJ109),JJ130),DE88),JJ89),(((DE736,DE509),DE764),(DE504,DE549))),((((DE643,DE671),DE164),DE672),DE737)),((((DE696-nodots,DE696-dots),JJ36),DE531),DE550)),(DE476,DE541)),((((((((((DE510,SRR3407087),DE505),DE503),SRR3407092),SRR3407094),SRR3407093),(((SRR3424066,DE561),SRR3407088),(DE181,SRR3407086))),(DE523,SRR3407096)),(SRR3407095,DE69)),JJ85)),(((DE741,DE519),DE560),JJ125)),DRR082660),(((((((((((DE162,DE528),DE507),(DE704-purple,DE704-white)),(DE680,DE623)),((DE681,DE765),DE575)),(((DE127,DE554),DE666),DE563)),(((JJ86,DE115),DE126),DE546)),DE668),((DE229,JJ23),(JJ99,DE152))),DE566),JJ74)),DE536),((DE542,DE534),(JJ15,DE216))),JJ131),((SRR5150740,SRR104381),DRR234970)),),DRR082665),SRR11748982),SRR11934227);
Current score: 3.12388e+09
Current tree: ((((((((((((((((((((((DE173,DE151),DE189),JJ109),JJ130),DE88),JJ89),(((DE736,DE509),DE764),(DE504,DE549))),((((DE643,DE671),DE164),DE672),DE737)),((((DE696-nodots,DE696-dots),JJ36),DE531),DE550)),(DE476,DE541)),((((((((((DE510,SRR3407087),DE505),DE503),SRR3407092),SRR3407094),SRR3407093),(((SRR3424066,DE561),SRR3407088),(DE181,SRR3407086))),(DE523,SRR3407096)),(SRR3407095,DE69)),JJ85)),(((DE741,DE519),DE560),JJ125)),DRR082660),(((((((((((DE162,DE528),DE507),(DE704-purple,DE704-white)),(DE680,DE623)),((DE681,DE765),DE575)),(((DE127,DE554),DE666),DE563)),(((JJ86,DE115),DE126),DE546)),DE668),((DE229,JJ23),(JJ99,DE152))),DE566),JJ74)),DE536),((DE542,DE534),(JJ15,DE216))),JJ131),((SRR5150740,SRR104381),DRR234970)),DRR082665),SRR11934227),),SRR11748982);
Final Tree: ((((((((((((((((((((((DE173,DE151),DE189),JJ109),JJ130),DE88),JJ89),(((DE736,DE509),DE764),(DE504,DE549))),((((DE643,DE671),DE164),DE672),DE737)),((((DE696-nodots,DE696-dots),JJ36),DE531),DE550)),(DE476,DE541)),((((((((((DE510,SRR3407087),DE505),DE503),SRR3407092),SRR3407094),SRR3407093),(((SRR3424066,DE561),SRR3407088),(DE181,SRR3407086))),(DE523,SRR3407096)),(SRR3407095,DE69)),JJ85)),(((DE741,DE519),DE560),JJ125)),DRR082660),(((((((((((DE162,DE528),DE507),(DE704-purple,DE704-white)),(DE680,DE623)),((DE681,DE765),DE575)),(((DE127,DE554),DE666),DE563)),(((JJ86,DE115),DE126),DE546)),DE668),((DE229,JJ23),(JJ99,DE152))),DE566),JJ74)),DE536),((DE542,DE534),(JJ15,DE216))),JJ131),((SRR5150740,SRR104381),DRR234970)),DRR082665),SRR11934227),),SRR11748982);
#EqQuartets: 3814681806
Score: 3123875840
