2025-12-11 14:06:11 | WARNING  | node.py              | cannot delete root Node.
2025-12-11 14:06:11 | WARNING  | node.py              | cannot delete root Node.
2025-12-11 14:06:11 | WARNING  | node.py              | cannot delete root Node.
2025-12-11 14:06:18 | WARNING  | node.py              | cannot delete root Node.
2025-12-11 14:06:18 | WARNING  | node.py              | cannot delete root Node.
2025-12-11 14:06:18 | WARNING  | node.py              | cannot delete root Node.
2025-12-11 14:06:20 | WARNING  | node.py              | cannot delete root Node.
2025-12-11 14:06:20 | WARNING  | node.py              | cannot delete root Node.
2025-12-11 14:06:25 | WARNING  | node.py              | cannot delete root Node.
2025-12-11 14:06:26 | WARNING  | node.py              | cannot delete root Node.
2025-12-11 14:06:28 | WARNING  | node.py              | cannot delete root Node.
2025-12-11 14:06:28 | WARNING  | node.py              | cannot delete root Node.
2025-12-11 14:06:30 | WARNING  | node.py              | cannot delete root Node.
2025-12-11 14:06:30 | WARNING  | node.py              | cannot delete root Node.
2025-12-11 14:06:30 | WARNING  | node.py              | cannot delete root Node.
2025-12-11 14:06:33 | WARNING  | node.py              | cannot delete root Node.
2025-12-11 14:06:33 | WARNING  | node.py              | cannot delete root Node.
2025-12-11 14:06:34 | WARNING  | node.py              | cannot delete root Node.
2025-12-11 14:06:35 | WARNING  | node.py              | cannot delete root Node.
2025-12-11 14:06:37 | WARNING  | node.py              | cannot delete root Node.
2025-12-11 14:06:38 | WARNING  | node.py              | cannot delete root Node.
2025-12-11 14:06:40 | WARNING  | node.py              | cannot delete root Node.
2025-12-11 14:06:41 | WARNING  | node.py              | cannot delete root Node.
2025-12-11 14:06:42 | WARNING  | node.py              | cannot delete root Node.
2025-12-11 14:06:43 | WARNING  | node.py              | cannot delete root Node.
2025-12-11 14:06:46 | WARNING  | node.py              | cannot delete root Node.
2025-12-11 14:06:52 | WARNING  | node.py              | cannot delete root Node.
2025-12-11 14:07:04 | WARNING  | node.py              | cannot delete root Node.
2025-12-11 14:07:10 | WARNING  | node.py              | cannot delete root Node.
2025-12-11 14:07:10 | WARNING  | node.py              | cannot delete root Node.
2025-12-11 14:07:13 | WARNING  | node.py              | cannot delete root Node.
2025-12-11 14:07:14 | WARNING  | node.py              | cannot delete root Node.
2025-12-11 14:07:16 | WARNING  | node.py              | cannot delete root Node.
2025-12-11 14:07:18 | WARNING  | node.py              | cannot delete root Node.
2025-12-11 14:07:19 | WARNING  | node.py              | cannot delete root Node.
2025-12-11 14:07:21 | WARNING  | node.py              | cannot delete root Node.
2025-12-11 14:07:23 | WARNING  | node.py              | cannot delete root Node.
CMD: /home/deren/miniconda3/envs/ped-rnas/bin/twig tree-filter -l D -i SPTREE/tree-set-full.nwk -d | -di 0 -m 20 -ei 5 -eo 10 --exclude-outliers --imap SPTREE/OUTGROUPS.txt -rd --require
ntrees start = 12950
trees filtered by minmap = 0
trees filtered by require-outgroup = 3618
trees filtered by min-tips = 0
trees filtered by max-copies = 0
ntrees end = 9332
outlier tips removed = 22146
